usage: train.py [-h] [--warn_with_traceback] [--run_name RUN_NAME] [--wandb]
                [--project PROJECT] [--debug] [--print_freq PRINT_FREQ]
                [--check_val_every_n_epoch CHECK_VAL_EVERY_N_EPOCH]
                [--limit_train_batches LIMIT_TRAIN_BATCHES]
                [--limit_test_batches LIMIT_TEST_BATCHES]
                [--limit_val_batches LIMIT_VAL_BATCHES]
                [--check_unused_params] [--check_nan_grads] [--save_inference]
                [--save_all_batches]
                [--inference_save_freq INFERENCE_SAVE_FREQ]
                [--out_dir OUT_DIR] [--num_inference NUM_INFERENCE]
                [--csv_file CSV_FILE] [--ligand LIGAND] [--smiles SMILES]
                [--protein PROTEIN] [--design_residues DESIGN_RESIDUES]
                [--pocket_def_ligand POCKET_DEF_LIGAND]
                [--pocket_def_residues POCKET_DEF_RESIDUES]
                [--pocket_def_center POCKET_DEF_CENTER]
                [--batch_size BATCH_SIZE] [--precision PRECISION]
                [--gradient_clip_val GRADIENT_CLIP_VAL]
                [--train_multiplicity TRAIN_MULTIPLICITY] [--lr LR]
                [--warmup_dur WARMUP_DUR] [--constant_dur CONSTANT_DUR]
                [--decay_dur DECAY_DUR] [--lr_start LR_START]
                [--lr_end LR_END] [--epochs EPOCHS]
                [--num_workers NUM_WORKERS] [--clamp_loss CLAMP_LOSS]
                [--plateau_scheduler] [--fake_constant_dur FAKE_CONSTANT_DUR]
                [--fake_decay_dur FAKE_DECAY_DUR]
                [--fake_ratio_start FAKE_RATIO_START]
                [--fake_ratio_end FAKE_RATIO_END] [--l1_loss]
                [--pos_only_epochs POS_ONLY_EPOCHS]
                [--num_angle_pred NUM_ANGLE_PRED]
                [--angle_loss_weight ANGLE_LOSS_WEIGHT]
                [--pos_loss_weight POS_LOSS_WEIGHT] [--aux_weight AUX_WEIGHT]
                [--residue_loss_weight RESIDUE_LOSS_WEIGHT]
                [--num_pos_only_epochs NUM_POS_ONLY_EPOCHS]
                [--num_all_res_train_epochs NUM_ALL_RES_TRAIN_EPOCHS]
                [--overfit_lig_idx OVERFIT_LIG_IDX] [--checkpoint CHECKPOINT]
                [--run_test] [--all_res_early_stop] [--except_on_nan_grads]
                [--ignore_lig] [--flow_matching]
                [--flow_matching_sigma FLOW_MATCHING_SIGMA]
                [--velocity_prediction] [--prior_scale PRIOR_SCALE]
                [--gaussian_prior] [--self_condition_inv] [--self_condition_x]
                [--self_condition_inv_logits] [--self_condition_bit]
                [--no_tfn_self_condition_inv]
                [--standard_style_self_condition_inv] [--self_fancy_init]
                [--self_condition_ratio SELF_CONDITION_RATIO]
                [--num_integration_steps NUM_INTEGRATION_STEPS]
                [--time_conditioning] [--time_emb_dim TIME_EMB_DIM]
                [--time_emb_type TIME_EMB_TYPE] [--time_condition_inv]
                [--time_condition_tfn] [--time_condition_repeat]
                [--residue_diffusion] [--correct_time_condition]
                [--highest_noise_only] [--non_designable_extra_token]
                [--data_dir DATA_DIR] [--train_split_path TRAIN_SPLIT_PATH]
                [--val_split_path VAL_SPLIT_PATH]
                [--predict_split_path PREDICT_SPLIT_PATH]
                [--data_source DATA_SOURCE]
                [--data_source_combine DATA_SOURCE_COMBINE]
                [--data_dir_combine DATA_DIR_COMBINE]
                [--train_split_path_combine TRAIN_SPLIT_PATH_COMBINE]
                [--backbone_noise BACKBONE_NOISE] [--biounit1_only]
                [--lig_connection_radius LIG_CONNECTION_RADIUS]
                [--cache_path CACHE_PATH]
                [--protein_file_name PROTEIN_FILE_NAME]
                [--protein_radius PROTEIN_RADIUS]
                [--ligand_edges {dense,radius}] [--lig_radius LIG_RADIUS]
                [--cross_radius CROSS_RADIUS] [--max_lig_size MAX_LIG_SIZE]
                [--min_lig_size MIN_LIG_SIZE] [--use_true_pos]
                [--mask_lig_pos] [--mask_lig_translation]
                [--mask_lig_rotation] [--lig_coord_noise LIG_COORD_NOISE]
                [--num_chain_masks NUM_CHAIN_MASKS]
                [--min_chain_mask_dist MIN_CHAIN_MASK_DIST]
                [--fake_min_num_contacts FAKE_MIN_NUM_CONTACTS]
                [--min_num_contacts MIN_NUM_CONTACTS]
                [--delte_unreadable_cache] [--correct_moad_lig_selection]
                [--double_correct_moad_lig_selection]
                [--exclude_af2aa_excluded_ligs] [--dont_cache_dataset]
                [--await_preprocessing] [--use_largest_lig] [--lm_embeddings]
                [--design_residue_cutoff DESIGN_RESIDUE_CUTOFF]
                [--pocket_residue_cutoff POCKET_RESIDUE_CUTOFF]
                [--pocket_type {distance,radius,diffdock,ca_distance,full_protein}]
                [--radius_pocket_buffer RADIUS_POCKET_BUFFER]
                [--pocket_residue_cutoff_sigma POCKET_RESIDUE_CUTOFF_SIGMA]
                [--pocket_center_sigma POCKET_CENTER_SIGMA] [--use_tfn]
                [--num_tfn_layers NUM_TFN_LAYERS] [--ns NS] [--nv NV]
                [--fc_dim FC_DIM] [--radius_emb_dim RADIUS_EMB_DIM]
                [--batch_norm] [--sh_lmax SH_LMAX] [--order ORDER]
                [--layer_norm] [--feedforward] [--pre_norm] [--post_norm]
                [--fancy_init] [--no_damping_factor] [--separate_update]
                [--fixed_lig_pos] [--update_last_when_fixed]
                [--tfn_use_aa_identities] [--tfn_pifold_feat] [--faster]
                [--no_tfn_rec2rec] [--residual] [--no_tfn_vector_inputs]
                [--tfn_detach] [--tfn_straight_combine] [--use_inv]
                [--no_inv_layers] [--fold_dim FOLD_DIM]
                [--k_neighbors K_NEIGHBORS] [--inv_dropout INV_DROPOUT]
                [--num_inv_layers NUM_INV_LAYERS]
                [--updating_edges UPDATING_EDGES] [--node_dist NODE_DIST]
                [--node_angle NODE_ANGLE] [--node_direct NODE_DIRECT]
                [--edge_dist EDGE_DIST] [--edge_angle EDGE_ANGLE]
                [--edge_direct EDGE_DIRECT] [--virtual_num VIRTUAL_NUM]
                [--edge_context] [--node_context] [--drop_tfn_feat]
                [--inv_straight_combine] [--lig2d_mpnn] [--lig2d_batch_norm]
                [--lig2d_additional_relu] [--lig_mpnn_dim LIG_MPNN_DIM]
                [--lig_mpnn_layers LIG_MPNN_LAYERS]
train.py: error: argument --limit_train_batches: invalid int value: '0.001'
