/home/samhuang/mambaforge/envs/flowsite/lib/python3.10/site-packages/torch/overrides.py:110: UserWarning: 'has_cuda' is deprecated, please use 'torch.backends.cuda.is_built()'
  torch.has_cuda,
/home/samhuang/mambaforge/envs/flowsite/lib/python3.10/site-packages/torch/overrides.py:111: UserWarning: 'has_cudnn' is deprecated, please use 'torch.backends.cudnn.is_available()'
  torch.has_cudnn,
/home/samhuang/mambaforge/envs/flowsite/lib/python3.10/site-packages/torch/overrides.py:117: UserWarning: 'has_mps' is deprecated, please use 'torch.backends.mps.is_built()'
  torch.has_mps,
/home/samhuang/mambaforge/envs/flowsite/lib/python3.10/site-packages/torch/overrides.py:118: UserWarning: 'has_mkldnn' is deprecated, please use 'torch.backends.mkldnn.is_available()'
  torch.has_mkldnn,
/home/samhuang/mambaforge/envs/flowsite/lib/python3.10/site-packages/torch/jit/_check.py:178: UserWarning: The TorchScript type system doesn't support instance-level annotations on empty non-base types in `__init__`. Instead, either 1) use a type annotation in the class body, or 2) wrap the type in `torch.jit.Attribute`.
  warnings.warn(
GPU available: True (cuda), used: True
TPU available: False, using: 0 TPU cores
IPU available: False, using: 0 IPUs
HPU available: False, using: 0 HPUs
`Trainer(limit_val_batches=1.0)` was configured so 100% of the batches will be used..
`Trainer(limit_test_batches=1.0)` was configured so 100% of the batches will be used..
wandb: Currently logged in as: hynsam137. Use `wandb login --relogin` to force relogin
wandb: Tracking run with wandb version 0.16.1
wandb: Run data is saved locally in ./wandb/run-20231208_225612-l048jhkm
wandb: Run `wandb offline` to turn off syncing.
wandb: Syncing run train_HarmonicFlow_timesplit_optimized_20231208_225608
wandb:  View project at https://wandb.ai/hynsam137/pocket_gen
wandb:  View run at https://wandb.ai/hynsam137/pocket_gen/runs/l048jhkm
LOCAL_RANK: 0 - CUDA_VISIBLE_DEVICES: [0]

  | Name  | Type          | Params
----------------------------------------
0 | model | FlowSiteModel | 5.6 M 
----------------------------------------
5.6 M     Trainable params
0         Non-trainable params
5.6 M     Total params
22.599    Total estimated model params size (MB)
